<?xml version="1.0" encoding="UTF-8"?>
<testng-results total="1" passed="1" failed="0" skipped="0">
  <reporter-output>
  </reporter-output>
  <suite started-at="2020-08-07T13:02:18Z" name="Surefire suite" finished-at="2020-08-07T13:02:19Z" duration-ms="906">
    <groups>
    </groups>
    <test started-at="2020-08-07T13:02:18Z" name="Surefire test" finished-at="2020-08-07T13:02:19Z" duration-ms="906">
      <class name="CucumberFramework.AppTest">
        <test-method signature="shouldAnswerWithTrue()[pri:0, instance:shouldAnswerWithTrue(CucumberFramework.AppTest)]" started-at="2020-08-07T14:02:19Z" name="shouldAnswerWithTrue" finished-at="2020-08-07T14:02:19Z" duration-ms="226" status="PASS">
          <reporter-output>
          </reporter-output>
        </test-method> <!-- shouldAnswerWithTrue -->
      </class> <!-- CucumberFramework.AppTest -->
    </test> <!-- Surefire test -->
  </suite> <!-- Surefire suite -->
</testng-results>
